<?xml version="1.0" encoding="UTF-8"?>
<!-- Generated by org.testng.reporters.JUnitReportReporter -->
<testsuite hostname="DESKTOP-SJQ3218" failures="0" tests="1" name="testRunnerPack.TestRunner" time="23.546" errors="0" timestamp="2024-03-27T00:11:47 IST" skipped="0">
  <testcase classname="testRunnerPack.TestRunner" name="runScenario" time="23.546"/>
</testsuite> <!-- testRunnerPack.TestRunner -->
